2018-02-27 01:56:23,725 CRIT Supervisor running as root (no user in config file)
2018-02-27 01:56:23,725 WARN Included extra file "/etc/supervisor/conf.d/supervisord.conf" during parsing
2018-02-27 01:56:23,748 INFO RPC interface 'supervisor' initialized
2018-02-27 01:56:23,749 CRIT Server 'unix_http_server' running without any HTTP authentication checking
2018-02-27 01:56:23,749 INFO supervisord started with pid 1
2018-02-27 01:56:24,754 INFO spawned: 'varnishd' with pid 13
2018-02-27 01:56:24,820 INFO spawned: 'php-fpm' with pid 14
2018-02-27 01:56:24,831 INFO spawned: 'varnish-plugins-watcher' with pid 15
2018-02-27 01:56:24,868 INFO spawned: 'nginx' with pid 16
2018-02-27 01:56:24,924 INFO spawned: 'MailHog' with pid 17
2018-02-27 01:56:25,031 INFO spawned: 'mysql' with pid 21
2018-02-27 01:56:25,040 INFO spawned: 'varnish-themes-watcher' with pid 23
2018-02-27 01:56:26,229 INFO success: varnishd entered RUNNING state, process has stayed up for > than 1 seconds (startsecs)
2018-02-27 01:56:26,229 INFO success: php-fpm entered RUNNING state, process has stayed up for > than 1 seconds (startsecs)
2018-02-27 01:56:26,229 INFO success: varnish-plugins-watcher entered RUNNING state, process has stayed up for > than 1 seconds (startsecs)
2018-02-27 01:56:26,230 INFO success: nginx entered RUNNING state, process has stayed up for > than 1 seconds (startsecs)
2018-02-27 01:56:26,230 INFO success: MailHog entered RUNNING state, process has stayed up for > than 1 seconds (startsecs)
2018-02-27 01:56:26,230 INFO success: mysql entered RUNNING state, process has stayed up for > than 1 seconds (startsecs)
2018-02-27 01:56:26,230 INFO success: varnish-themes-watcher entered RUNNING state, process has stayed up for > than 1 seconds (startsecs)
2018-03-01 20:06:15,866 CRIT Supervisor running as root (no user in config file)
2018-03-01 20:06:15,866 WARN Included extra file "/etc/supervisor/conf.d/supervisord.conf" during parsing
2018-03-01 20:06:16,224 INFO RPC interface 'supervisor' initialized
2018-03-01 20:06:16,225 CRIT Server 'unix_http_server' running without any HTTP authentication checking
2018-03-01 20:06:16,225 INFO supervisord started with pid 1
2018-03-01 20:06:17,228 INFO spawned: 'varnishd' with pid 7
2018-03-01 20:06:17,234 INFO spawned: 'php-fpm' with pid 8
2018-03-01 20:06:17,236 INFO spawned: 'varnish-plugins-watcher' with pid 9
2018-03-01 20:06:17,240 INFO spawned: 'nginx' with pid 10
2018-03-01 20:06:17,254 INFO spawned: 'MailHog' with pid 11
2018-03-01 20:06:17,265 INFO spawned: 'mysql' with pid 12
2018-03-01 20:06:17,285 INFO spawned: 'varnish-themes-watcher' with pid 13
2018-03-01 20:06:18,716 INFO success: varnishd entered RUNNING state, process has stayed up for > than 1 seconds (startsecs)
2018-03-01 20:06:18,716 INFO success: php-fpm entered RUNNING state, process has stayed up for > than 1 seconds (startsecs)
2018-03-01 20:06:18,716 INFO success: varnish-plugins-watcher entered RUNNING state, process has stayed up for > than 1 seconds (startsecs)
2018-03-01 20:06:18,716 INFO success: nginx entered RUNNING state, process has stayed up for > than 1 seconds (startsecs)
2018-03-01 20:06:18,716 INFO success: MailHog entered RUNNING state, process has stayed up for > than 1 seconds (startsecs)
2018-03-01 20:06:18,716 INFO success: mysql entered RUNNING state, process has stayed up for > than 1 seconds (startsecs)
2018-03-01 20:06:18,716 INFO success: varnish-themes-watcher entered RUNNING state, process has stayed up for > than 1 seconds (startsecs)
